2023-02-13 22:02:815 INFO  HomePage :64 - Clicking on login link: [[ChromeDriver: chrome on WINDOWS (8999ede21eb6195fd37da9c09d59474a)] -> link text: Log in]
2023-02-13 22:02:936 INFO  LoginPage :48 - Getting text from: [[ChromeDriver: chrome on WINDOWS (8999ede21eb6195fd37da9c09d59474a)] -> xpath: //h1[contains(text(),'Welcome, Please Sign In!')]]
2023-02-13 22:02:285 INFO  HomePage :64 - Clicking on login link: [[ChromeDriver: chrome on WINDOWS (b28f7609b1dedfe51bc56097b1a46d83)] -> xpath: //a[@class='ico-login']]
2023-02-13 22:02:386 INFO  LoginPage :48 - Getting text from: [[ChromeDriver: chrome on WINDOWS (b28f7609b1dedfe51bc56097b1a46d83)] -> xpath: //h1[contains(text(),'Welcome, Please Sign In!')]]
2023-02-13 22:02:283 INFO  HomePage :64 - Clicking on login link: [[ChromeDriver: chrome on WINDOWS (d592d5cb0497bfb01c0abbd85903b4e7)] -> xpath: //a[@class='ico-login']]
2023-02-13 22:02:395 INFO  LoginPage :48 - Getting text from: [[ChromeDriver: chrome on WINDOWS (d592d5cb0497bfb01c0abbd85903b4e7)] -> xpath: //h1[contains(text(),'Welcome, Please Sign In!')]]
2023-02-13 22:02:548 INFO  HomePage :64 - Clicking on login link: [[ChromeDriver: chrome on WINDOWS (a2c8f81d3ce4929b21fb95f91807624f)] -> xpath: //a[@class='ico-login']]
2023-02-13 23:02:925 INFO  HomePage :64 - Clicking on login link: [[ChromeDriver: chrome on WINDOWS (51b2ba2bd7ec6fc6942d9445b49f4101)] -> xpath: //a[@class='ico-login']]
2023-02-13 23:02:33 INFO  LoginPage :48 - Getting text from: [[ChromeDriver: chrome on WINDOWS (51b2ba2bd7ec6fc6942d9445b49f4101)] -> xpath: //h1[contains(text(),'Welcome, Please Sign In!')]]
2023-02-13 23:02:117 INFO  HomePage :64 - Clicking on login link: [[ChromeDriver: chrome on WINDOWS (684315ad83b4ef556c0b2591ef274928)] -> xpath: //a[@class='ico-login']]
2023-02-13 23:02:717 INFO  LoginPage :65 - Clicking on login button: [[ChromeDriver: chrome on WINDOWS (684315ad83b4ef556c0b2591ef274928)] -> xpath: //button[text()='Log in']]
2023-02-13 23:02:664 INFO  HomePage :64 - Clicking on login link: [[ChromeDriver: chrome on WINDOWS (41a3ef97a076ff9e2db4b69341a2925b)] -> xpath: //a[@class='ico-login']]
2023-02-13 23:02:280 INFO  LoginPage :65 - Clicking on login button: [[ChromeDriver: chrome on WINDOWS (41a3ef97a076ff9e2db4b69341a2925b)] -> xpath: //button[text()='Log in']]
2023-02-13 23:02:590 INFO  HomePage :64 - Clicking on login link: [[ChromeDriver: chrome on WINDOWS (be49487c33e7b6a9c811724b2a6f7bef)] -> xpath: //a[@class='ico-login']]
2023-02-13 23:02:416 INFO  LoginPage :65 - Clicking on login button: [[ChromeDriver: chrome on WINDOWS (be49487c33e7b6a9c811724b2a6f7bef)] -> xpath: //button[text()='Log in']]
2023-02-13 23:02:492 INFO  HomePage :64 - Clicking on login link: [[ChromeDriver: chrome on WINDOWS (0cab293e3b932611f8e3eb1ba6f481ce)] -> xpath: //a[@class='ico-login']]
2023-02-13 23:02:977 INFO  LoginPage :48 - Getting text from: [[ChromeDriver: chrome on WINDOWS (0cab293e3b932611f8e3eb1ba6f481ce)] -> xpath: //h1[contains(text(),'Welcome, Please Sign In!')]]
2023-02-13 23:02:218 INFO  HomePage :64 - Clicking on login link: [[ChromeDriver: chrome on WINDOWS (6865bf590670eebd165dd526382fc64a)] -> xpath: //a[@class='ico-login']]
2023-02-13 23:02:364 INFO  LoginPage :65 - Clicking on login button: [[ChromeDriver: chrome on WINDOWS (6865bf590670eebd165dd526382fc64a)] -> xpath: //button[text()='Log in']]
2023-02-13 23:02:486 INFO  LoginPage :71 - Getting text from: [[ChromeDriver: chrome on WINDOWS (6865bf590670eebd165dd526382fc64a)] -> xpath: //div[@class='message-error validation-summary-errors']]
2023-02-13 23:02:438 INFO  HomePage :64 - Clicking on login link: [[ChromeDriver: chrome on WINDOWS (2932b9beefec4487da7b90539f712b71)] -> xpath: //a[@class='ico-login']]
2023-02-13 23:02:601 INFO  LoginPage :65 - Clicking on login button: [[ChromeDriver: chrome on WINDOWS (2932b9beefec4487da7b90539f712b71)] -> xpath: //button[text()='Log in']]
2023-02-13 23:02:726 INFO  LoginPage :71 - Getting text from: [[ChromeDriver: chrome on WINDOWS (2932b9beefec4487da7b90539f712b71)] -> xpath: //div[@class='message-error validation-summary-errors']]
2023-02-13 23:02:906 INFO  HomePage :64 - Clicking on login link: [[ChromeDriver: chrome on WINDOWS (5aabc6983ec50cf2e07fc1cc2cc808cf)] -> xpath: //a[@class='ico-login']]
2023-02-13 23:02:361 INFO  LoginPage :65 - Clicking on login button: [[ChromeDriver: chrome on WINDOWS (5aabc6983ec50cf2e07fc1cc2cc808cf)] -> xpath: //button[text()='Log in']]
2023-02-13 23:02:471 INFO  LoginPage :71 - Getting text from: [[ChromeDriver: chrome on WINDOWS (5aabc6983ec50cf2e07fc1cc2cc808cf)] -> xpath: //div[@class='message-error validation-summary-errors']]
